
> home-parent-desktop-devhub@0.0.1 dev
> astro dev --host

00:17:49 [types] Generated 0ms
00:17:50 [content] Syncing content
00:17:50 [content] Synced content
00:17:50 [vite] Port 4321 is in use, trying another one...

 astro  v5.17.1 ready in 1390 ms

┃ Local    http://localhost:4322/
┃ Network  http://10.0.20.20:4322/
           http14:55:48 [200] / 241ms
14:55:50 [200] /_image 90ms
14:55:5115:04:23 [starlight-docs-loader] Reloaded data from projects/server/proxmox-terraform-setup.mdx
15:04:41 [starlight-docs-loader] Reloaded data from projects/server/proxmox-terraform-setup.mdx
15:04:50 [starlight-docs-loader] Reloaded data from projects/server/proxmox-terraform-setup.mdx
15:07:01 [starlight-docs-loader] Reloaded data from projects/server/proxmox-terraform-setup.mdx
15:07:11 [starlight-docs-loader] Reloaded data from projects/server/proxmox-terraform-setup.mdx
15:07:46 [starlight-docs-loader] Reloaded data from projects/server/proxmox-terraform-setup.mdx
15:08:06 [starlight-docs-loader] Reloaded data from projects/server/proxmox-terraform-setup.mdx
15:08:10 [starlight-docs-loader] Reloaded data from projects/server/proxmox-terraform-setup.mdx
15:09:24 [starlight-docs-loader] Reloaded data from guides/windows/maestro-windows-setup.mdx
15:09:25 [ERROR] [UnknownFilesystemError] 
  Hint:
    It can be caused by many things, eg. missing permissions or a file not existing we attempt to read. Check the error cause for more details.
  Error reference:
    https://docs.astro.build/en/reference/errors/unknown-filesystem-error/
  Stack trace:
    at /home/parent/Desktop/DevHub/node_modules/astro/dist/content/mutable-data-store.js:337:13
    [...] See full stack trace in the browser, or rerun with --verbose.
  Caused by:
  ENOENT: no such file or directory, rename '/home/parent/Desktop/DevHub/.astro/data-store.json.tmp' -> '/home/parent/Desktop/DevHub/.astro/data-store.json'
    at async Object.rename (node:internal/fs/promises:781:10)
    [...] See full stack trace in the browser, or rerun with --verbose.
15:09:40 [starlight-docs-loader] Reloaded data from guides/windows/maestro-windows-setup.mdx
15:10:31 [starlight-docs-loader] Reloaded data from guides/windows/maestro-windows-setup.mdx
15:11:48 [starlight-docs-loader] Reloaded data from guides/windows/maestro-windows-setup.mdx
15:12:27 [starlight-docs-loader] Reloaded data from guides/windows/maestro-windows-setup.mdx
15:12:29 [starlight-docs-loader] Reloaded data from guides/windows/maestro-windows-setup.mdx
tribute name, expected a character that can start an attribute name, such as a letter, `$`, or `_`; whitespace before attributes; or the end of the tag
  Stack trace:
    at TransformPluginContext.transform (file:///home/parent/Desktop/DevHub/node_modules/@astrojs/mdx/dist/vite-plugin-mdx.js:62:15)
    [...] See full stack trace in the browser, or rerun with --verbose.
15:00:22 [200] /roadmaps/windows-learning-path/ 22ms
15:00:22 [200] /roadmaps/windows-learning-path/ 21ms
15:00:25 [ERROR] Unexpected character `%` (U+0025) before attribute name, expected a character that can start an attribute name, such as a letter, `$`, or `_`; whitespace before attributes; or the end of the tag
  Stack trace:
    at TransformPluginContext.transform (file:///home/parent/Desktop/DevHub/node_modules/@astrojs/mdx/dist/vite-plugin-mdx.js:62:15)
    [...] See full stack trace in the browser, or rerun with --verbose.
15:00:25 [200] /roadmaps/windows-learning-path/ 18ms
15:00:29 [ERROR] Unexpected character `%` (U+0025) before attribute name, expected a character that can start an attribute name, such as a letter, `$`, or `_`; whitespace before attributes; or the end of the tag
  Stack trace:
    at TransformPluginContext.transform (file:///home/parent/Desktop/DevHub/node_modules/@astrojs/mdx/dist/vite-plugin-mdx.js:62:15)
    [...] See full stack trace in the browser, or rerun with --verbose.
15:00:29 [ERROR] Unexpected character `%` (U+0025) before attribute name, expected a character that can start an attribute name, such as a letter, `$`, or `_`; whitespace before attributes; or the end of the tag
  Stack trace:
    at TransformPluginContext.transform (file:///home/parent/Desktop/DevHub/node_modules/@astrojs/mdx/dist/vite-plugin-mdx.js:62:15)
    [...] See full stack trace in the browser, or rerun with --verbose.
15:00:30 [200] /roadmaps/windows-learning-path/ 16ms
15:00:31 [ERROR] Unexpected character `%` (U+0025) before attribute name, expected a character that can start an attribute name, such as a letter, `$`, or `_`; whitespace before attributes; or the end of the tag
  Stack trace:
    at TransformPluginContext.transform (file:///home/parent/Desktop/DevHub/node_modules/@astrojs/mdx/dist/vite-plugin-mdx.js:62:15)
    [...] See full stack trace in the browser, or rerun with --verbose.
15:00:32 [WARN] [router] A `getStaticPaths()` route pattern was matched, but no matching static path was found for requested path `/favicon.ico`.

Possible dynamic routes being matched: node_modules/@astrojs/starlight/routes/static/index.astro.
Entry docs → 404 was not found.
15:04:23 [starlight-docs-loader] Reloaded data from projects/server/proxmox-terraform-setup.mdx
15:04:23 [ERROR] Unexpected character `%` (U+0025) before attribute name, expected a character that can start an attribute name, such as a letter, `$`, or `_`; whitespace before attributes; or the end of the tag
  Stack trace:
    at TransformPluginContext.transform (file:///home/parent/Desktop/DevHub/node_modules/@astrojs/mdx/dist/vite-plugin-mdx.js:62:15)
    [...] See full stack trace in the browser, or rerun with --verbose.
15:04:41 [starlight-docs-loader] Reloaded data from projects/server/proxmox-terraform-setup.mdx
15:04:42 [ERROR] [UnknownFilesystemError] 
  Hint:
    It can be caused by many things, eg. missing permissions or a file not existing we attempt to read. Check the error cause for more details.
  Error reference:
    https://docs.astro.build/en/reference/errors/unknown-filesystem-error/
  Stack trace:
    at /home/parent/Desktop/DevHub/node_modules/astro/dist/content/mutable-data-store.js:337:13
    [...] See full stack trace in the browser, or rerun with --verbose.
  Caused by:
  ENOENT: no such file or directory, rename '/home/parent/Desktop/DevHub/.astro/data-store.json.tmp' -> '/home/parent/Desktop/DevHub/.astro/data-store.json'
    at async Object.rename (node:internal/fs/promises:781:10)
    [...] See full stack trace in the browser, or rerun with --verbose.
15:04:43 [ERROR] Unexpected character `%` (U+0025) before attribute name, expected a character that can start an attribute name, such as a letter, `$`, or `_`; whitespace before attributes; or the end of the tag
  Stack trace:
    at TransformPluginContext.transform (file:///home/parent/Desktop/DevHub/node_modules/@astrojs/mdx/dist/vite-plugin-mdx.js:62:15)
    [...] See full stack trace in the browser, or rerun with --verbose.
15:04:50 [starlight-docs-loader] Reloaded data from projects/server/proxmox-terraform-setup.mdx
15:04:51 [ERROR] Unexpected character `%` (U+0025) before attribute name, expected a character that can start an attribute name, such as a letter, `$`, or `_`; whitespace before attributes; or the end of the tag
  Stack trace:
    at TransformPluginContext.transform (file:///home/parent/Desktop/DevHub/node_modules/@astrojs/mdx/dist/vite-plugin-mdx.js:62:15)
    [...] See full stack trace in the browser, or rerun with --verbose.
15:07:01 [starlight-docs-loader] Reloaded data from projects/server/proxmox-terraform-setup.mdx
15:07:01 [ERROR] Unexpected character `%` (U+0025) before attribute name, expected a character that can start an attribute name, such as a letter, `$`, or `_`; whitespace before attributes; or the end of the tag
  Stack trace:
    at TransformPluginContext.transform (file:///home/parent/Desktop/DevHub/node_modules/@astrojs/mdx/dist/vite-plugin-mdx.js:62:15)
    [...] See full stack trace in the browser, or rerun with --verbose.
15:07:11 [starlight-docs-loader] Reloaded data from projects/server/proxmox-terraform-setup.mdx
15:07:12 [ERROR] Unexpected character `%` (U+0025) before attribute name, expected a character that can start an attribute name, such as a letter, `$`, or `_`; whitespace before attributes; or the end of the tag
  Stack trace:
    at TransformPluginContext.transform (file:///home/parent/Desktop/DevHub/node_modules/@astrojs/mdx/dist/vite-plugin-mdx.js:62:15)
    [...] See full stack trace in the browser, or rerun with --verbose.
15:07:46 [starlight-docs-loader] Reloaded data from projects/server/proxmox-terraform-setup.mdx
15:07:46 [ERROR] Unexpected character `%` (U+0025) before attribute name, expected a character that can start an attribute name, such as a letter, `$`, or `_`; whitespace before attributes; or the end of the tag
  Stack trace:
    at TransformPluginContext.transform (file:///home/parent/Desktop/DevHub/node_modules/@astrojs/mdx/dist/vite-plugin-mdx.js:62:15)
    [...] See full stack trace in the browser, or rerun with --verbose.
15:08:06 [starlight-docs-loader] Reloaded data from projects/server/proxmox-terraform-setup.mdx
15:08:07 [ERROR] [UnknownFilesystemError] 
  Hint:
    It can be caused by many things, eg. missing permissions or a file not existing we attempt to read. Check the error cause for more details.
  Error reference:
    https://docs.astro.build/en/reference/errors/unknown-filesystem-error/
  Stack trace:
    at /home/parent/Desktop/DevHub/node_modules/astro/dist/content/mutable-data-store.js:337:13
    [...] See full stack trace in the browser, or rerun with --verbose.
  Caused by:
  ENOENT: no such file or directory, rename '/home/parent/Desktop/DevHub/.astro/data-store.json.tmp' -> '/home/parent/Desktop/DevHub/.astro/data-store.json'
    at async Object.rename (node:internal/fs/promises:781:10)
    [...] See full stack trace in the browser, or rerun with --verbose.
15:08:07 [ERROR] Unexpected character `%` (U+0025) before attribute name, expected a character that can start an attribute name, such as a letter, `$`, or `_`; whitespace before attributes; or the end of the tag
  Stack trace:
    at TransformPluginContext.transform (file:///home/parent/Desktop/DevHub/node_modules/@astrojs/mdx/dist/vite-plugin-mdx.js:62:15)
    [...] See full stack trace in the browser, or rerun with --verbose.
15:08:10 [starlight-docs-loader] Reloaded data from projects/server/proxmox-terraform-setup.mdx
15:08:11 [ERROR] Unexpected character `%` (U+0025) before attribute name, expected a character that can start an attribute name, such as a letter, `$`, or `_`; whitespace before attributes; or the end of the tag
  Stack trace:
    at TransformPluginContext.transform (file:///home/parent/Desktop/DevHub/node_modules/@astrojs/mdx/dist/vite-plugin-mdx.js:62:15)
    [...] See full stack trace in the browser, or rerun with --verbose.
15:08:33 [ERROR] Unexpected character `%` (U+0025) before attribute name, expected a character that can start an attribute name, such as a letter, `$`, or `_`; whitespace before attributes; or the end of the tag
  Stack trace:
    at TransformPluginContext.transform (file:///home/parent/Desktop/DevHub/node_modules/@astrojs/mdx/dist/vite-plugin-mdx.js:62:15)
    [...] See full stack trace in the browser, or rerun with --verbose.
15:09:24 [starlight-docs-loader] Reloaded data from guides/windows/maestro-windows-setup.mdx
15:09:25 [200] /guides/windows/maestro-windows-setup/ 134ms
15:09:25 [ERROR] Cannot read properties of undefined (reading 'map')
  Hint:
    This issue often occurs when your MDX component encounters runtime errors.
  Stack trace:
    at /home/parent/Desktop/DevHub/src/components/Quiz.astro:25:14
    [...] See full stack trace in the browser, or rerun with --verbose.
15:09:40 [starlight-docs-loader] Reloaded data from guides/windows/maestro-windows-setup.mdx
15:09:40 [200] /guides/windows/maestro-windows-setup/ 97ms
15:09:40 [ERROR] Cannot read properties of undefined (reading 'map')
  Hint:
    This issue often occurs when your MDX component encounters runtime errors.
  Stack trace:
    at /home/parent/Desktop/DevHub/src/components/Quiz.astro:25:14
    [...] See full stack trace in the browser, or rerun with --verbose.
15:09:47 [200] /guides/windows/maestro-windows-setup/ 18ms
15:09:47 [ERROR] Cannot read properties of undefined (reading 'map')
  Hint:
    This issue often occurs when your MDX component encounters runtime errors.
  Stack trace:
    at /home/parent/Desktop/DevHub/src/components/Quiz.astro:25:14
    [...] See full stack trace in the browser, or rerun with --verbose.
15:10:31 [starlight-docs-loader] Reloaded data from guides/windows/maestro-windows-setup.mdx
15:10:33 [200] /guides/windows/maestro-windows-setup/ 98ms
15:10:33 [ERROR] Cannot read properties of undefined (reading 'map')
  Hint:
    This issue often occurs when your MDX component encounters runtime errors.
  Stack trace:
    at /home/parent/Desktop/DevHub/src/components/Quiz.astro:25:14
    [...] See full stack trace in the browser, or rerun with --verbose.
15:11:44 [200] /guides/windows/maestro-windows-setup/ 29ms
15:11:44 [ERROR] Cannot read properties of undefined (reading 'map')
  Hint:
    This issue often occurs when your MDX component encounters runtime errors.
  Stack trace:
    at /home/parent/Desktop/DevHub/src/components/Quiz.astro:25:14
    [...] See full stack trace in the browser, or rerun with --verbose.
15:11:48 [starlight-docs-loader] Reloaded data from guides/windows/maestro-windows-setup.mdx
15:11:48 [200] /guides/windows/maestro-windows-setup/ 84ms
15:11:48 [ERROR] Cannot read properties of undefined (reading 'map')
  Hint:
    This issue often occurs when your MDX component encounters runtime errors.
  Stack trace:
    at /home/parent/Desktop/DevHub/src/components/Quiz.astro:25:14
    [...] See full stack trace in the browser, or rerun with --verbose.
15:12:27 [starlight-docs-loader] Reloaded data from guides/windows/maestro-windows-setup.mdx
15:12:28 [200] /guides/windows/maestro-windows-setup/ 123ms
15:12:29 [starlight-docs-loader] Reloaded data from guides/windows/maestro-windows-setup.mdx
15:12:33 [200] /guides/windows/maestro-windows-setup/ 75ms
